<?xml version="1.0" encoding="UTF-8"?>
<!-- Generated by org.testng.reporters.JUnitReportReporter -->
<testsuite hostname="Opshori" failures="0" tests="2" name="excelUtilies.ExcelFrameWork1" time="4.483" errors="0" timestamp="2024-08-13T00:46:48 EDT" skipped="0">
  <testcase classname="excelUtilies.ExcelFrameWork1" name="test1" time="2.309"/>
  <system-out/>
  <testcase classname="excelUtilies.ExcelFrameWork1" name="test1" time="2.174"/>
  <system-out/>
</testsuite> <!-- excelUtilies.ExcelFrameWork1 -->
